perl: warning: Setting locale failed.
perl: warning: Please check that your locale settings:
	LANGUAGE = (unset),
	LC_ALL = (unset),
	LANG = "C.UTF-8"
    are supported and installed on your system.
perl: warning: Falling back to the standard locale ("C").
[09:47:54] This is prokka 1.14.6
[09:47:54] Written by Torsten Seemann <torsten.seemann@gmail.com>
[09:47:54] Homepage is https://github.com/tseemann/prokka
[09:47:54] Local time is Thu Sep 28 09:47:54 2023
[09:47:54] You are alberto.gcalatayud
[09:47:54] Operating system is linux
[09:47:54] You have BioPerl 1.7.8
Argument "1.7.8" isn't numeric in numeric lt (<) at /home/2023/intro/alberto.gcalatayud/miniforge3/envs/prokka_latest/bin/prokka line 259.
[09:47:54] System has 16 cores.
[09:47:54] Will use maximum of 8 cores.
[09:47:54] Annotating as >>> Bacteria <<<
[09:47:54] Generating locus_tag from 'data/GCA_000006925.2.1000.fna' contents.
[09:47:54] Setting --locustag OAKGJLPG from MD5 8a4035900b283fbfa90aab227fb2d07a
[09:47:54] Creating new output folder: PROKKA_DDMMYYYY
[09:47:54] Running: mkdir -p PROKKA_DDMMYYYY
[09:47:54] Using filename prefix: PROKKA_09282023.XXX
[09:47:54] Setting HMMER_NCPU=1
[09:47:54] Writing log to: PROKKA_DDMMYYYY/PROKKA_09282023.log
[09:47:54] Command: /home/2023/intro/alberto.gcalatayud/miniforge3/envs/prokka_latest/bin/prokka data/GCA_000006925.2.1000.fna --outdir PROKKA_DDMMYYYY --force
[09:47:54] Appending to PATH: /home/2023/intro/alberto.gcalatayud/miniforge3/envs/prokka_latest/bin
[09:47:54] Looking for 'aragorn' - found /home/2023/intro/alberto.gcalatayud/miniforge3/envs/prokka_latest/bin/aragorn
[09:47:54] Determined aragorn version is 001002 from 'ARAGORN v1.2.41 Dean Laslett'
[09:47:54] Looking for 'barrnap' - found /home/2023/intro/alberto.gcalatayud/miniforge3/envs/prokka_latest/bin/barrnap
[09:47:54] Determined barrnap version is 000009 from 'barrnap 0.9'
[09:47:54] Looking for 'blastp' - found /home/2023/intro/alberto.gcalatayud/miniforge3/envs/prokka_latest/bin/blastp
[09:47:54] Determined blastp version is 002014 from 'blastp: 2.14.1+'
[09:47:54] Looking for 'cmpress' - found /home/2023/intro/alberto.gcalatayud/miniforge3/envs/prokka_latest/bin/cmpress
[09:47:54] Determined cmpress version is 001001 from '# INFERNAL 1.1.4 (Dec 2020)'
[09:47:54] Looking for 'cmscan' - found /home/2023/intro/alberto.gcalatayud/miniforge3/envs/prokka_latest/bin/cmscan
[09:47:54] Determined cmscan version is 001001 from '# INFERNAL 1.1.4 (Dec 2020)'
[09:47:54] Looking for 'egrep' - found /usr/bin/egrep
[09:47:54] Looking for 'find' - found /usr/bin/find
[09:47:54] Looking for 'grep' - found /usr/bin/grep
[09:47:54] Looking for 'hmmpress' - found /home/2023/intro/alberto.gcalatayud/miniforge3/envs/prokka_latest/bin/hmmpress
[09:47:54] Determined hmmpress version is 003003 from '# HMMER 3.3.2 (Nov 2020); http://hmmer.org/'
[09:47:54] Looking for 'hmmscan' - found /home/2023/intro/alberto.gcalatayud/miniforge3/envs/prokka_latest/bin/hmmscan
[09:47:54] Determined hmmscan version is 003003 from '# HMMER 3.3.2 (Nov 2020); http://hmmer.org/'
[09:47:54] Looking for 'java' - found /home/2023/intro/alberto.gcalatayud/miniforge3/envs/prokka_latest/bin/java
[09:47:54] Looking for 'makeblastdb' - found /home/2023/intro/alberto.gcalatayud/miniforge3/envs/prokka_latest/bin/makeblastdb
[09:47:54] Determined makeblastdb version is 002014 from 'makeblastdb: 2.14.1+'
[09:47:54] Looking for 'minced' - found /home/2023/intro/alberto.gcalatayud/miniforge3/envs/prokka_latest/bin/minced
[09:47:55] Determined minced version is 004002 from 'minced 0.4.2'
[09:47:55] Looking for 'parallel' - found /home/2023/intro/alberto.gcalatayud/miniforge3/envs/prokka_latest/bin/parallel
perl: warning: Setting locale failed.
perl: warning: Please check that your locale settings:
	LANGUAGE = (unset),
	LC_ALL = (unset),
	LANG = "C.UTF-8"
    are supported and installed on your system.
perl: warning: Falling back to the standard locale ("C").
[09:47:55] Determined parallel version is 20230922 from 'GNU parallel 20230922'
[09:47:55] Looking for 'prodigal' - found /home/2023/intro/alberto.gcalatayud/miniforge3/envs/prokka_latest/bin/prodigal
[09:47:55] Determined prodigal version is 002006 from 'Prodigal V2.6.3: February, 2016'
[09:47:55] Looking for 'prokka-genbank_to_fasta_db' - found /home/2023/intro/alberto.gcalatayud/miniforge3/envs/prokka_latest/bin/prokka-genbank_to_fasta_db
[09:47:55] Looking for 'sed' - found /usr/bin/sed
[09:47:55] Looking for 'tbl2asn' - found /home/2023/intro/alberto.gcalatayud/miniforge3/envs/prokka_latest/bin/tbl2asn
[09:47:55] Determined tbl2asn version is 025007 from 'tbl2asn 25.7   arguments:'
[09:47:55] Using genetic code table 11.
[09:47:55] Loading and checking input file: data/GCA_000006925.2.1000.fna
[09:47:55] Wrote 1 contigs totalling 79920 bp.
[09:47:55] Predicting tRNAs and tmRNAs
[09:47:55] Running: aragorn -l -gc11  -w PROKKA_DDMMYYYY\/PROKKA_09282023\.fna
[09:47:55] Found 0 tRNAs
[09:47:55] Predicting Ribosomal RNAs
[09:47:55] Running Barrnap with 8 threads
[09:47:55] Found 0 rRNAs
[09:47:55] Skipping ncRNA search, enable with --rfam if desired.
[09:47:55] Total of 0 tRNA + rRNA features
[09:47:55] Searching for CRISPR repeats
[09:47:55] Found 0 CRISPRs
[09:47:55] Predicting coding sequences
[09:47:55] Contigs total 79920 bp, so using meta mode
[09:47:55] Running: prodigal -i PROKKA_DDMMYYYY\/PROKKA_09282023\.fna -c -m -g 11 -p meta -f sco -q
[09:47:57] Found 71 CDS
[09:47:57] Connecting features back to sequences
[09:47:57] Not using genus-specific database. Try --usegenus to enable it.
[09:47:57] Annotating CDS, please be patient.
[09:47:57] Will use 8 CPUs for similarity searching.
[09:47:57] There are still 71 unannotated CDS left (started with 71)
[09:47:57] Will use blast to search against /home/2023/intro/alberto.gcalatayud/miniforge3/envs/prokka_latest/db/kingdom/Bacteria/IS with 8 CPUs
[09:47:57] Running: cat PROKKA_DDMMYYYY\/PROKKA_09282023\.IS\.tmp\.28911\.faa | parallel --gnu --plain -j 8 --block 1510 --recstart '>' --pipe blastp -query - -db /home/2023/intro/alberto.gcalatayud/miniforge3/envs/prokka_latest/db/kingdom/Bacteria/IS -evalue 1e-30 -qcov_hsp_perc 90 -num_threads 1 -num_descriptions 1 -num_alignments 1 -seg no > PROKKA_DDMMYYYY\/PROKKA_09282023\.IS\.tmp\.28911\.blast 2> /dev/null
[09:47:58] Deleting unwanted file: PROKKA_DDMMYYYY/PROKKA_09282023.IS.tmp.28911.faa
[09:47:58] Deleting unwanted file: PROKKA_DDMMYYYY/PROKKA_09282023.IS.tmp.28911.blast
[09:47:58] There are still 69 unannotated CDS left (started with 71)
[09:47:58] Will use blast to search against /home/2023/intro/alberto.gcalatayud/miniforge3/envs/prokka_latest/db/kingdom/Bacteria/AMR with 8 CPUs
[09:47:58] Running: cat PROKKA_DDMMYYYY\/PROKKA_09282023\.AMR\.tmp\.28911\.faa | parallel --gnu --plain -j 8 --block 1494 --recstart '>' --pipe blastp -query - -db /home/2023/intro/alberto.gcalatayud/miniforge3/envs/prokka_latest/db/kingdom/Bacteria/AMR -evalue 1e-300 -qcov_hsp_perc 90 -num_threads 1 -num_descriptions 1 -num_alignments 1 -seg no > PROKKA_DDMMYYYY\/PROKKA_09282023\.AMR\.tmp\.28911\.blast 2> /dev/null
[09:47:59] Deleting unwanted file: PROKKA_DDMMYYYY/PROKKA_09282023.AMR.tmp.28911.faa
[09:47:59] Deleting unwanted file: PROKKA_DDMMYYYY/PROKKA_09282023.AMR.tmp.28911.blast
[09:47:59] There are still 69 unannotated CDS left (started with 71)
[09:47:59] Will use blast to search against /home/2023/intro/alberto.gcalatayud/miniforge3/envs/prokka_latest/db/kingdom/Bacteria/sprot with 8 CPUs
[09:47:59] Running: cat PROKKA_DDMMYYYY\/PROKKA_09282023\.sprot\.tmp\.28911\.faa | parallel --gnu --plain -j 8 --block 1494 --recstart '>' --pipe blastp -query - -db /home/2023/intro/alberto.gcalatayud/miniforge3/envs/prokka_latest/db/kingdom/Bacteria/sprot -evalue 1e-09 -qcov_hsp_perc 80 -num_threads 1 -num_descriptions 1 -num_alignments 1 -seg no > PROKKA_DDMMYYYY\/PROKKA_09282023\.sprot\.tmp\.28911\.blast 2> /dev/null
[09:48:01] Deleting unwanted file: PROKKA_DDMMYYYY/PROKKA_09282023.sprot.tmp.28911.faa
[09:48:01] Deleting unwanted file: PROKKA_DDMMYYYY/PROKKA_09282023.sprot.tmp.28911.blast
[09:48:01] There are still 9 unannotated CDS left (started with 71)
[09:48:01] Will use hmmer3 to search against /home/2023/intro/alberto.gcalatayud/miniforge3/envs/prokka_latest/db/hmm/HAMAP.hmm with 8 CPUs
[09:48:01] Running: cat PROKKA_DDMMYYYY\/PROKKA_09282023\.HAMAP\.hmm\.tmp\.28911\.faa | parallel --gnu --plain -j 8 --block 110 --recstart '>' --pipe hmmscan --noali --notextw --acc -E 1e-09 --cpu 1 /home/2023/intro/alberto.gcalatayud/miniforge3/envs/prokka_latest/db/hmm/HAMAP.hmm /dev/stdin > PROKKA_DDMMYYYY\/PROKKA_09282023\.HAMAP\.hmm\.tmp\.28911\.hmmer3 2> /dev/null
[09:48:02] Deleting unwanted file: PROKKA_DDMMYYYY/PROKKA_09282023.HAMAP.hmm.tmp.28911.faa
[09:48:02] Deleting unwanted file: PROKKA_DDMMYYYY/PROKKA_09282023.HAMAP.hmm.tmp.28911.hmmer3
[09:48:02] Labelling remaining 8 proteins as 'hypothetical protein'
[09:48:02] Possible /pseudo 'Amino-acid carrier protein AlsT' at AE005674.2 position 6918
[09:48:02] Possible /pseudo 'FKBP-type 16 kDa peptidyl-prolyl cis-trans isomerase' at AE005674.2 position 25256
[09:48:02] Possible /pseudo 'L-arabinose isomerase' at AE005674.2 position 65463
[09:48:02] Found 58 unique /gene codes.
[09:48:02] Fixed 2 duplicate /gene - alsT_1 alsT_2
[09:48:02] Fixed 2 duplicate /gene - fkpB_1 fkpB_2
[09:48:02] Fixed 2 duplicate /gene - araA_1 araA_2
[09:48:02] Fixed 3 colliding /gene names.
[09:48:02] Adding /locus_tag identifiers
[09:48:02] Assigned 71 locus_tags to CDS and RNA features.
[09:48:02] Writing outputs to PROKKA_DDMMYYYY/
[09:48:02] Generating annotation statistics file
[09:48:02] Generating Genbank and Sequin files
[09:48:02] Running: tbl2asn -V b -a r10k -l paired-ends -M n -N 1 -y 'Annotated using prokka 1.14.6 from https://github.com/tseemann/prokka' -Z PROKKA_DDMMYYYY\/PROKKA_09282023\.err -i PROKKA_DDMMYYYY\/PROKKA_09282023\.fsa 2> /dev/null
[09:48:03] Deleting unwanted file: PROKKA_DDMMYYYY/errorsummary.val
[09:48:03] Deleting unwanted file: PROKKA_DDMMYYYY/PROKKA_09282023.dr
[09:48:03] Deleting unwanted file: PROKKA_DDMMYYYY/PROKKA_09282023.fixedproducts
[09:48:03] Deleting unwanted file: PROKKA_DDMMYYYY/PROKKA_09282023.ecn
[09:48:03] Deleting unwanted file: PROKKA_DDMMYYYY/PROKKA_09282023.val
[09:48:03] Repairing broken .GBK output that tbl2asn produces...
[09:48:03] Running: sed 's/COORDINATES: profile/COORDINATES:profile/' < PROKKA_DDMMYYYY\/PROKKA_09282023\.gbf > PROKKA_DDMMYYYY\/PROKKA_09282023\.gbk
[09:48:03] Deleting unwanted file: PROKKA_DDMMYYYY/PROKKA_09282023.gbf
[09:48:03] Output files:
[09:48:03] PROKKA_DDMMYYYY/PROKKA_09282023.fna
[09:48:03] PROKKA_DDMMYYYY/PROKKA_09282023.tbl
[09:48:03] PROKKA_DDMMYYYY/PROKKA_09282023.txt
[09:48:03] PROKKA_DDMMYYYY/PROKKA_09282023.ffn
[09:48:03] PROKKA_DDMMYYYY/PROKKA_09282023.gbk
[09:48:03] PROKKA_DDMMYYYY/PROKKA_09282023.sqn
[09:48:03] PROKKA_DDMMYYYY/PROKKA_09282023.faa
[09:48:03] PROKKA_DDMMYYYY/PROKKA_09282023.gff
[09:48:03] PROKKA_DDMMYYYY/PROKKA_09282023.fsa
[09:48:03] PROKKA_DDMMYYYY/PROKKA_09282023.tsv
[09:48:03] PROKKA_DDMMYYYY/PROKKA_09282023.log
[09:48:03] PROKKA_DDMMYYYY/PROKKA_09282023.err
[09:48:03] Annotation finished successfully.
[09:48:03] Walltime used: 0.15 minutes
[09:48:03] If you use this result please cite the Prokka paper:
[09:48:03] Seemann T (2014) Prokka: rapid prokaryotic genome annotation. Bioinformatics. 30(14):2068-9.
[09:48:03] Type 'prokka --citation' for more details.
[09:48:03] Share and enjoy!
