[M::bwa_idx_load_from_disk] read 0 ALT contigs
[M::process] read 400000 sequences (40000000 bp)...
[M::process] read 237438 sequences (23743800 bp)...
[M::mem_pestat] # candidate unique pairs for (FF, FR, RF, RR): (0, 197444, 0, 0)
[M::mem_pestat] skip orientation FF as there are not enough pairs
[M::mem_pestat] analyzing insert size distribution for orientation FR...
[M::mem_pestat] (25, 50, 75) percentile: (292, 299, 306)
[M::mem_pestat] low and high boundaries for computing mean and std.dev: (264, 334)
[M::mem_pestat] mean and std.dev: (298.98, 9.99)
[M::mem_pestat] low and high boundaries for proper pairs: (250, 348)
[M::mem_pestat] skip orientation RF as there are not enough pairs
[M::mem_pestat] skip orientation RR as there are not enough pairs
[M::mem_process_seqs] Processed 400000 reads in 12.014 CPU sec, 3.005 real sec
[M::mem_pestat] # candidate unique pairs for (FF, FR, RF, RR): (0, 115712, 1532, 0)
[M::mem_pestat] skip orientation FF as there are not enough pairs
[M::mem_pestat] analyzing insert size distribution for orientation FR...
[M::mem_pestat] (25, 50, 75) percentile: (292, 299, 306)
[M::mem_pestat] low and high boundaries for computing mean and std.dev: (264, 334)
[M::mem_pestat] mean and std.dev: (298.90, 10.04)
[M::mem_pestat] low and high boundaries for proper pairs: (250, 348)
[M::mem_pestat] analyzing insert size distribution for orientation RF...
[M::mem_pestat] (25, 50, 75) percentile: (1194, 1200, 1207)
[M::mem_pestat] low and high boundaries for computing mean and std.dev: (1168, 1233)
[M::mem_pestat] mean and std.dev: (1200.17, 9.76)
[M::mem_pestat] low and high boundaries for proper pairs: (1155, 1246)
[M::mem_pestat] skip orientation RR as there are not enough pairs
[M::mem_pestat] skip orientation RF
[M::mem_process_seqs] Processed 237438 reads in 7.787 CPU sec, 1.837 real sec
[main] Version: 0.7.17-r1188
[main] CMD: bwa mem -t 4 data/index/genome.fasta data/hightemp02.r1.fq data/hightemp02.r2.fq
[main] Real time: 5.956 sec; CPU: 20.484 sec
