[M::bwa_idx_load_from_disk] read 0 ALT contigs
[M::process] read 400000 sequences (40000000 bp)...
[M::process] read 237438 sequences (23743800 bp)...
[M::mem_pestat] # candidate unique pairs for (FF, FR, RF, RR): (0, 197425, 0, 0)
[M::mem_pestat] skip orientation FF as there are not enough pairs
[M::mem_pestat] analyzing insert size distribution for orientation FR...
[M::mem_pestat] (25, 50, 75) percentile: (292, 299, 306)
[M::mem_pestat] low and high boundaries for computing mean and std.dev: (264, 334)
[M::mem_pestat] mean and std.dev: (299.02, 9.98)
[M::mem_pestat] low and high boundaries for proper pairs: (250, 348)
[M::mem_pestat] skip orientation RF as there are not enough pairs
[M::mem_pestat] skip orientation RR as there are not enough pairs
[M::mem_process_seqs] Processed 400000 reads in 12.522 CPU sec, 3.147 real sec
[M::mem_pestat] # candidate unique pairs for (FF, FR, RF, RR): (0, 115806, 1428, 0)
[M::mem_pestat] skip orientation FF as there are not enough pairs
[M::mem_pestat] analyzing insert size distribution for orientation FR...
[M::mem_pestat] (25, 50, 75) percentile: (292, 299, 306)
[M::mem_pestat] low and high boundaries for computing mean and std.dev: (264, 334)
[M::mem_pestat] mean and std.dev: (298.92, 10.05)
[M::mem_pestat] low and high boundaries for proper pairs: (250, 348)
[M::mem_pestat] analyzing insert size distribution for orientation RF...
[M::mem_pestat] (25, 50, 75) percentile: (1194, 1200, 1207)
[M::mem_pestat] low and high boundaries for computing mean and std.dev: (1168, 1233)
[M::mem_pestat] mean and std.dev: (1200.37, 9.73)
[M::mem_pestat] low and high boundaries for proper pairs: (1155, 1246)
[M::mem_pestat] skip orientation RR as there are not enough pairs
[M::mem_pestat] skip orientation RF
[M::mem_process_seqs] Processed 237438 reads in 8.281 CPU sec, 1.972 real sec
[main] Version: 0.7.17-r1188
[main] CMD: bwa mem -t 4 data/index/genome.fasta data/hightemp01.r1.fq data/hightemp01.r2.fq
[main] Real time: 6.005 sec; CPU: 21.428 sec
