[M::bwa_idx_load_from_disk] read 0 ALT contigs
[M::process] read 400000 sequences (40000000 bp)...
[M::process] read 177484 sequences (17748400 bp)...
[M::mem_pestat] # candidate unique pairs for (FF, FR, RF, RR): (0, 197449, 0, 0)
[M::mem_pestat] skip orientation FF as there are not enough pairs
[M::mem_pestat] analyzing insert size distribution for orientation FR...
[M::mem_pestat] (25, 50, 75) percentile: (292, 299, 306)
[M::mem_pestat] low and high boundaries for computing mean and std.dev: (264, 334)
[M::mem_pestat] mean and std.dev: (298.98, 9.99)
[M::mem_pestat] low and high boundaries for proper pairs: (250, 348)
[M::mem_pestat] skip orientation RF as there are not enough pairs
[M::mem_pestat] skip orientation RR as there are not enough pairs
[M::mem_process_seqs] Processed 400000 reads in 11.438 CPU sec, 2.859 real sec
[M::mem_pestat] # candidate unique pairs for (FF, FR, RF, RR): (0, 87212, 49, 0)
[M::mem_pestat] skip orientation FF as there are not enough pairs
[M::mem_pestat] analyzing insert size distribution for orientation FR...
[M::mem_pestat] (25, 50, 75) percentile: (292, 299, 306)
[M::mem_pestat] low and high boundaries for computing mean and std.dev: (264, 334)
[M::mem_pestat] mean and std.dev: (298.95, 9.95)
[M::mem_pestat] low and high boundaries for proper pairs: (250, 348)
[M::mem_pestat] analyzing insert size distribution for orientation RF...
[M::mem_pestat] (25, 50, 75) percentile: (1197, 1203, 1208)
[M::mem_pestat] low and high boundaries for computing mean and std.dev: (1175, 1230)
[M::mem_pestat] mean and std.dev: (1201.65, 10.03)
[M::mem_pestat] low and high boundaries for proper pairs: (1162, 1242)
[M::mem_pestat] skip orientation RR as there are not enough pairs
[M::mem_pestat] skip orientation RF
[M::mem_process_seqs] Processed 177484 reads in 5.792 CPU sec, 1.350 real sec
[main] Version: 0.7.17-r1188
[main] CMD: bwa mem -t 4 data/index/genome.fasta data/normal02.r1.fq data/normal02.r2.fq
[main] Real time: 5.111 sec; CPU: 17.848 sec
