[M::bwa_idx_load_from_disk] read 0 ALT contigs
[M::process] read 400000 sequences (40000000 bp)...
[M::process] read 177484 sequences (17748400 bp)...
[M::mem_pestat] # candidate unique pairs for (FF, FR, RF, RR): (0, 197441, 0, 0)
[M::mem_pestat] skip orientation FF as there are not enough pairs
[M::mem_pestat] analyzing insert size distribution for orientation FR...
[M::mem_pestat] (25, 50, 75) percentile: (292, 299, 306)
[M::mem_pestat] low and high boundaries for computing mean and std.dev: (264, 334)
[M::mem_pestat] mean and std.dev: (299.00, 9.99)
[M::mem_pestat] low and high boundaries for proper pairs: (250, 348)
[M::mem_pestat] skip orientation RF as there are not enough pairs
[M::mem_pestat] skip orientation RR as there are not enough pairs
[M::mem_process_seqs] Processed 400000 reads in 11.911 CPU sec, 2.980 real sec
[M::mem_pestat] # candidate unique pairs for (FF, FR, RF, RR): (0, 87203, 57, 0)
[M::mem_pestat] skip orientation FF as there are not enough pairs
[M::mem_pestat] analyzing insert size distribution for orientation FR...
[M::mem_pestat] (25, 50, 75) percentile: (292, 299, 306)
[M::mem_pestat] low and high boundaries for computing mean and std.dev: (264, 334)
[M::mem_pestat] mean and std.dev: (298.99, 9.95)
[M::mem_pestat] low and high boundaries for proper pairs: (250, 348)
[M::mem_pestat] analyzing insert size distribution for orientation RF...
[M::mem_pestat] (25, 50, 75) percentile: (1194, 1198, 1206)
[M::mem_pestat] low and high boundaries for computing mean and std.dev: (1170, 1230)
[M::mem_pestat] mean and std.dev: (1199.14, 8.67)
[M::mem_pestat] low and high boundaries for proper pairs: (1158, 1242)
[M::mem_pestat] skip orientation RR as there are not enough pairs
[M::mem_pestat] skip orientation RF
[M::mem_process_seqs] Processed 177484 reads in 6.240 CPU sec, 1.467 real sec
[main] Version: 0.7.17-r1188
[main] CMD: bwa mem -t 4 data/index/genome.fasta data/normal01.r1.fq data/normal01.r2.fq
[main] Real time: 5.482 sec; CPU: 18.764 sec
