Discrepancy Report Results

Summary
FATAL: MISSING_PROTEIN_ID:71 proteins have invalid IDs.
DISC_SOURCE_QUALS_ASNDISC:strain (all present, all unique)
DISC_SOURCE_QUALS_ASNDISC:taxname (all present, all unique)
DISC_FEATURE_COUNT:CDS: 71 present
DISC_COUNT_NUCLEOTIDES:1 nucleotide Bioseqs are present
FEATURE_LOCATION_CONFLICT:71 features have inconsistent gene locations.
OVERLAPPING_CDS:2 coding regions overlap another coding region with a similar or identical name.
DISC_QUALITY_SCORES:Quality scores are missing on all sequences.
ONCALLER_COMMENT_PRESENT:1 comment descriptors were found (all same)
SHORT_PROT_SEQUENCES:2 protein sequences are shorter than 50 aa.
MISSING_GENOMEASSEMBLY_COMMENTS:1 bioseqs are missing GenomeAssembly structured comments
MOLTYPE_NOT_MRNA:1 molecule types are not set as mRNA.
TECHNIQUE_NOT_TSA:1 technique are not set as TSA
MISSING_STRUCTURED_COMMENT:1 sequences do not include structured comments.
MISSING_PROJECT:72 sequences do not include project.
DISC_INCONSISTENT_MOLINFO_TECH:Molinfo Technique Report (some missing, all same)


Detailed Report

FATAL: DiscRep_ALL:MISSING_PROTEIN_ID::71 proteins have invalid IDs.
PROKKA_DDMMYYYY/PROKKA_09282023:AE005674.2_1 (length 820)
PROKKA_DDMMYYYY/PROKKA_09282023:AE005674.2_2 (length 310)
PROKKA_DDMMYYYY/PROKKA_09282023:AE005674.2_3 (length 428)
PROKKA_DDMMYYYY/PROKKA_09282023:AE005674.2_4 (length 98)
PROKKA_DDMMYYYY/PROKKA_09282023:AE005674.2_5 (length 258)
PROKKA_DDMMYYYY/PROKKA_09282023:AE005674.2_6 (length 122)
PROKKA_DDMMYYYY/PROKKA_09282023:AE005674.2_7 (length 346)
PROKKA_DDMMYYYY/PROKKA_09282023:AE005674.2_8 (length 317)
PROKKA_DDMMYYYY/PROKKA_09282023:AE005674.2_9 (length 195)
PROKKA_DDMMYYYY/PROKKA_09282023:AE005674.2_10 (length 188)
PROKKA_DDMMYYYY/PROKKA_09282023:AE005674.2_11 (length 237)
PROKKA_DDMMYYYY/PROKKA_09282023:AE005674.2_12 (length 134)
PROKKA_DDMMYYYY/PROKKA_09282023:AE005674.2_13 (length 638)
PROKKA_DDMMYYYY/PROKKA_09282023:AE005674.2_14 (length 376)
PROKKA_DDMMYYYY/PROKKA_09282023:AE005674.2_15 (length 69)
PROKKA_DDMMYYYY/PROKKA_09282023:AE005674.2_16 (length 388)
PROKKA_DDMMYYYY/PROKKA_09282023:AE005674.2_17 (length 299)
PROKKA_DDMMYYYY/PROKKA_09282023:AE005674.2_18 (length 97)
PROKKA_DDMMYYYY/PROKKA_09282023:AE005674.2_19 (length 87)
PROKKA_DDMMYYYY/PROKKA_09282023:AE005674.2_20 (length 313)
PROKKA_DDMMYYYY/PROKKA_09282023:AE005674.2_21 (length 938)
PROKKA_DDMMYYYY/PROKKA_09282023:AE005674.2_22 (length 164)
PROKKA_DDMMYYYY/PROKKA_09282023:AE005674.2_23 (length 58)
PROKKA_DDMMYYYY/PROKKA_09282023:AE005674.2_24 (length 149)
PROKKA_DDMMYYYY/PROKKA_09282023:AE005674.2_25 (length 149)
PROKKA_DDMMYYYY/PROKKA_09282023:AE005674.2_26 (length 316)
PROKKA_DDMMYYYY/PROKKA_09282023:AE005674.2_27 (length 304)
PROKKA_DDMMYYYY/PROKKA_09282023:AE005674.2_28 (length 273)
PROKKA_DDMMYYYY/PROKKA_09282023:AE005674.2_29 (length 382)
PROKKA_DDMMYYYY/PROKKA_09282023:AE005674.2_30 (length 1073)
PROKKA_DDMMYYYY/PROKKA_09282023:AE005674.2_31 (length 131)
PROKKA_DDMMYYYY/PROKKA_09282023:AE005674.2_32 (length 196)
PROKKA_DDMMYYYY/PROKKA_09282023:AE005674.2_33 (length 261)
PROKKA_DDMMYYYY/PROKKA_09282023:AE005674.2_34 (length 517)
PROKKA_DDMMYYYY/PROKKA_09282023:AE005674.2_35 (length 405)
PROKKA_DDMMYYYY/PROKKA_09282023:AE005674.2_36 (length 380)
PROKKA_DDMMYYYY/PROKKA_09282023:AE005674.2_37 (length 504)
PROKKA_DDMMYYYY/PROKKA_09282023:AE005674.2_38 (length 256)
PROKKA_DDMMYYYY/PROKKA_09282023:AE005674.2_39 (length 263)
PROKKA_DDMMYYYY/PROKKA_09282023:AE005674.2_40 (length 428)
PROKKA_DDMMYYYY/PROKKA_09282023:AE005674.2_41 (length 95)
PROKKA_DDMMYYYY/PROKKA_09282023:AE005674.2_42 (length 464)
PROKKA_DDMMYYYY/PROKKA_09282023:AE005674.2_43 (length 176)
PROKKA_DDMMYYYY/PROKKA_09282023:AE005674.2_44 (length 620)
PROKKA_DDMMYYYY/PROKKA_09282023:AE005674.2_45 (length 159)
PROKKA_DDMMYYYY/PROKKA_09282023:AE005674.2_46 (length 280)
PROKKA_DDMMYYYY/PROKKA_09282023:AE005674.2_47 (length 125)
PROKKA_DDMMYYYY/PROKKA_09282023:AE005674.2_48 (length 273)
PROKKA_DDMMYYYY/PROKKA_09282023:AE005674.2_49 (length 329)
PROKKA_DDMMYYYY/PROKKA_09282023:AE005674.2_50 (length 428)
PROKKA_DDMMYYYY/PROKKA_09282023:AE005674.2_51 (length 784)
PROKKA_DDMMYYYY/PROKKA_09282023:AE005674.2_52 (length 271)
PROKKA_DDMMYYYY/PROKKA_09282023:AE005674.2_53 (length 209)
PROKKA_DDMMYYYY/PROKKA_09282023:AE005674.2_54 (length 968)
PROKKA_DDMMYYYY/PROKKA_09282023:AE005674.2_55 (length 783)
PROKKA_DDMMYYYY/PROKKA_09282023:AE005674.2_56 (length 231)
PROKKA_DDMMYYYY/PROKKA_09282023:AE005674.2_57 (length 262)
PROKKA_DDMMYYYY/PROKKA_09282023:AE005674.2_58 (length 238)
PROKKA_DDMMYYYY/PROKKA_09282023:AE005674.2_59 (length 566)
PROKKA_DDMMYYYY/PROKKA_09282023:AE005674.2_60 (length 41)
PROKKA_DDMMYYYY/PROKKA_09282023:AE005674.2_61 (length 292)
PROKKA_DDMMYYYY/PROKKA_09282023:AE005674.2_62 (length 254)
PROKKA_DDMMYYYY/PROKKA_09282023:AE005674.2_63 (length 232)
PROKKA_DDMMYYYY/PROKKA_09282023:AE005674.2_64 (length 536)
PROKKA_DDMMYYYY/PROKKA_09282023:AE005674.2_65 (length 327)
PROKKA_DDMMYYYY/PROKKA_09282023:AE005674.2_66 (length 551)
PROKKA_DDMMYYYY/PROKKA_09282023:AE005674.2_67 (length 43)
PROKKA_DDMMYYYY/PROKKA_09282023:AE005674.2_68 (length 392)
PROKKA_DDMMYYYY/PROKKA_09282023:AE005674.2_69 (length 201)
PROKKA_DDMMYYYY/PROKKA_09282023:AE005674.2_70 (length 466)
PROKKA_DDMMYYYY/PROKKA_09282023:AE005674.2_71 (length 363)

DiscRep_ALL:DISC_SOURCE_QUALS_ASNDISC::strain (all present, all unique)
DiscRep_SUB:DISC_SOURCE_QUALS_ASNDISC::1 sources have unique values for strain
DiscRep_ALL:DISC_SOURCE_QUALS_ASNDISC::taxname (all present, all unique)
DiscRep_SUB:DISC_SOURCE_QUALS_ASNDISC::1 sources have unique values for taxname
DiscRep_ALL:DISC_FEATURE_COUNT::CDS: 71 present
DiscRep_ALL:DISC_COUNT_NUCLEOTIDES::1 nucleotide Bioseqs are present
PROKKA_DDMMYYYY/PROKKA_09282023:AE005674.2 (length 79920)

DiscRep_ALL:FEATURE_LOCATION_CONFLICT::71 features have inconsistent gene locations.
DiscRep_SUB:FEATURE_LOCATION_CONFLICT::Coding region xref gene does not exist
PROKKA_DDMMYYYY/PROKKA_09282023:CDS	Bifunctional aspartokinase/homoserine dehydrogenase 1	AE005674.2:336-2798	OAKGJLPG_00001

DiscRep_SUB:FEATURE_LOCATION_CONFLICT::Coding region xref gene does not exist
PROKKA_DDMMYYYY/PROKKA_09282023:CDS	Homoserine kinase	AE005674.2:2800-3732	OAKGJLPG_00002

DiscRep_SUB:FEATURE_LOCATION_CONFLICT::Coding region xref gene does not exist
PROKKA_DDMMYYYY/PROKKA_09282023:CDS	Threonine synthase	AE005674.2:3733-5019	OAKGJLPG_00003

DiscRep_SUB:FEATURE_LOCATION_CONFLICT::Coding region xref gene does not exist
PROKKA_DDMMYYYY/PROKKA_09282023:CDS	hypothetical protein	AE005674.2:5233-5529	OAKGJLPG_00004

DiscRep_SUB:FEATURE_LOCATION_CONFLICT::Coding region xref gene does not exist
PROKKA_DDMMYYYY/PROKKA_09282023:CDS	Peroxide stress resistance protein YaaA	AE005674.2:c6458-5682	OAKGJLPG_00005

DiscRep_SUB:FEATURE_LOCATION_CONFLICT::Coding region xref gene does not exist
PROKKA_DDMMYYYY/PROKKA_09282023:CDS	Amino-acid carrier protein AlsT	AE005674.2:c6896-6528	OAKGJLPG_00006

DiscRep_SUB:FEATURE_LOCATION_CONFLICT::Coding region xref gene does not exist
PROKKA_DDMMYYYY/PROKKA_09282023:CDS	Amino-acid carrier protein AlsT	AE005674.2:c7958-6918	OAKGJLPG_00007

DiscRep_SUB:FEATURE_LOCATION_CONFLICT::Coding region xref gene does not exist
PROKKA_DDMMYYYY/PROKKA_09282023:CDS	Transaldolase B	AE005674.2:8237-9190	OAKGJLPG_00008

DiscRep_SUB:FEATURE_LOCATION_CONFLICT::Coding region xref gene does not exist
PROKKA_DDMMYYYY/PROKKA_09282023:CDS	Molybdopterin adenylyltransferase	AE005674.2:9305-9892	OAKGJLPG_00009

DiscRep_SUB:FEATURE_LOCATION_CONFLICT::Coding region xref gene does not exist
PROKKA_DDMMYYYY/PROKKA_09282023:CDS	Succinate-acetate/proton symporter SatP	AE005674.2:c10493-9927	OAKGJLPG_00010

DiscRep_SUB:FEATURE_LOCATION_CONFLICT::Coding region xref gene does not exist
PROKKA_DDMMYYYY/PROKKA_09282023:CDS	hypothetical protein	AE005674.2:c11355-10642	OAKGJLPG_00011

DiscRep_SUB:FEATURE_LOCATION_CONFLICT::Coding region xref gene does not exist
PROKKA_DDMMYYYY/PROKKA_09282023:CDS	hypothetical protein	AE005674.2:c11785-11381	OAKGJLPG_00012

DiscRep_SUB:FEATURE_LOCATION_CONFLICT::Coding region xref gene does not exist
PROKKA_DDMMYYYY/PROKKA_09282023:CDS	Chaperone protein DnaK	AE005674.2:12162-14078	OAKGJLPG_00013

DiscRep_SUB:FEATURE_LOCATION_CONFLICT::Coding region xref gene does not exist
PROKKA_DDMMYYYY/PROKKA_09282023:CDS	Chaperone protein DnaJ	AE005674.2:14167-15297	OAKGJLPG_00014

DiscRep_SUB:FEATURE_LOCATION_CONFLICT::Coding region xref gene does not exist
PROKKA_DDMMYYYY/PROKKA_09282023:CDS	hypothetical protein	AE005674.2:c15610-15401	OAKGJLPG_00015

DiscRep_SUB:FEATURE_LOCATION_CONFLICT::Coding region xref gene does not exist
PROKKA_DDMMYYYY/PROKKA_09282023:CDS	Na(+)/H(+) antiporter NhaA	AE005674.2:16140-17306	OAKGJLPG_00016

DiscRep_SUB:FEATURE_LOCATION_CONFLICT::Coding region xref gene does not exist
PROKKA_DDMMYYYY/PROKKA_09282023:CDS	Transcriptional activator protein NhaR	AE005674.2:17372-18271	OAKGJLPG_00017

DiscRep_SUB:FEATURE_LOCATION_CONFLICT::Coding region xref gene does not exist
PROKKA_DDMMYYYY/PROKKA_09282023:CDS	IS1 family transposase IS1X2	AE005674.2:c18977-18684	OAKGJLPG_00018

DiscRep_SUB:FEATURE_LOCATION_CONFLICT::Coding region xref gene does not exist
PROKKA_DDMMYYYY/PROKKA_09282023:CDS	30S ribosomal protein S20	AE005674.2:c20033-19770	OAKGJLPG_00019

DiscRep_SUB:FEATURE_LOCATION_CONFLICT::Coding region xref gene does not exist
PROKKA_DDMMYYYY/PROKKA_09282023:CDS	Bifunctional riboflavin kinase/FMN adenylyltransferase	AE005674.2:20362-21303	OAKGJLPG_00020

DiscRep_SUB:FEATURE_LOCATION_CONFLICT::Coding region xref gene does not exist
PROKKA_DDMMYYYY/PROKKA_09282023:CDS	Isoleucine--tRNA ligase	AE005674.2:21346-24162	OAKGJLPG_00021

DiscRep_SUB:FEATURE_LOCATION_CONFLICT::Coding region xref gene does not exist
PROKKA_DDMMYYYY/PROKKA_09282023:CDS	Lipoprotein signal peptidase	AE005674.2:24162-24656	OAKGJLPG_00022

DiscRep_SUB:FEATURE_LOCATION_CONFLICT::Coding region xref gene does not exist
PROKKA_DDMMYYYY/PROKKA_09282023:CDS	hypothetical protein	AE005674.2:c24747-24571	OAKGJLPG_00023

DiscRep_SUB:FEATURE_LOCATION_CONFLICT::Coding region xref gene does not exist
PROKKA_DDMMYYYY/PROKKA_09282023:CDS	FKBP-type 16 kDa peptidyl-prolyl cis-trans isomerase	AE005674.2:c25198-24749	OAKGJLPG_00024

DiscRep_SUB:FEATURE_LOCATION_CONFLICT::Coding region xref gene does not exist
PROKKA_DDMMYYYY/PROKKA_09282023:CDS	FKBP-type 16 kDa peptidyl-prolyl cis-trans isomerase	AE005674.2:25256-25705	OAKGJLPG_00025

DiscRep_SUB:FEATURE_LOCATION_CONFLICT::Coding region xref gene does not exist
PROKKA_DDMMYYYY/PROKKA_09282023:CDS	4-hydroxy-3-methylbut-2-enyl diphosphate reductase	AE005674.2:25707-26657	OAKGJLPG_00026

DiscRep_SUB:FEATURE_LOCATION_CONFLICT::Coding region xref gene does not exist
PROKKA_DDMMYYYY/PROKKA_09282023:CDS	Non-specific ribonucleoside hydrolase RihC	AE005674.2:26723-27637	OAKGJLPG_00027

DiscRep_SUB:FEATURE_LOCATION_CONFLICT::Coding region xref gene does not exist
PROKKA_DDMMYYYY/PROKKA_09282023:CDS	4-hydroxy-tetrahydrodipicolinate reductase	AE005674.2:27804-28625	OAKGJLPG_00028

DiscRep_SUB:FEATURE_LOCATION_CONFLICT::Coding region xref gene does not exist
PROKKA_DDMMYYYY/PROKKA_09282023:CDS	Carbamoyl-phosphate synthase small chain	AE005674.2:29081-30229	OAKGJLPG_00029

DiscRep_SUB:FEATURE_LOCATION_CONFLICT::Coding region xref gene does not exist
PROKKA_DDMMYYYY/PROKKA_09282023:CDS	Carbamoyl-phosphate synthase large chain	AE005674.2:30247-33468	OAKGJLPG_00030

DiscRep_SUB:FEATURE_LOCATION_CONFLICT::Coding region xref gene does not exist
PROKKA_DDMMYYYY/PROKKA_09282023:CDS	hypothetical protein	AE005674.2:33730-34125	OAKGJLPG_00031

DiscRep_SUB:FEATURE_LOCATION_CONFLICT::Coding region xref gene does not exist
PROKKA_DDMMYYYY/PROKKA_09282023:CDS	Protein YrdA	AE005674.2:c34801-34211	OAKGJLPG_00032

DiscRep_SUB:FEATURE_LOCATION_CONFLICT::Coding region xref gene does not exist
PROKKA_DDMMYYYY/PROKKA_09282023:CDS	Carnitinyl-CoA dehydratase	AE005674.2:c35592-34807	OAKGJLPG_00033

DiscRep_SUB:FEATURE_LOCATION_CONFLICT::Coding region xref gene does not exist
PROKKA_DDMMYYYY/PROKKA_09282023:CDS	Crotonobetaine/carnitine--CoA ligase	AE005674.2:c37254-35701	OAKGJLPG_00034

DiscRep_SUB:FEATURE_LOCATION_CONFLICT::Coding region xref gene does not exist
PROKKA_DDMMYYYY/PROKKA_09282023:CDS	L-carnitine CoA-transferase	AE005674.2:c38545-37328	OAKGJLPG_00035

DiscRep_SUB:FEATURE_LOCATION_CONFLICT::Coding region xref gene does not exist
PROKKA_DDMMYYYY/PROKKA_09282023:CDS	Crotonobetainyl-CoA reductase	AE005674.2:c39816-38674	OAKGJLPG_00036

DiscRep_SUB:FEATURE_LOCATION_CONFLICT::Coding region xref gene does not exist
PROKKA_DDMMYYYY/PROKKA_09282023:CDS	L-carnitine/gamma-butyrobetaine antiporter	AE005674.2:c41361-39847	OAKGJLPG_00037

DiscRep_SUB:FEATURE_LOCATION_CONFLICT::Coding region xref gene does not exist
PROKKA_DDMMYYYY/PROKKA_09282023:CDS	Protein FixA	AE005674.2:41717-42487	OAKGJLPG_00038

DiscRep_SUB:FEATURE_LOCATION_CONFLICT::Coding region xref gene does not exist
PROKKA_DDMMYYYY/PROKKA_09282023:CDS	Protein FixB	AE005674.2:42502-43293	OAKGJLPG_00039

DiscRep_SUB:FEATURE_LOCATION_CONFLICT::Coding region xref gene does not exist
PROKKA_DDMMYYYY/PROKKA_09282023:CDS	Thiamine thiazole synthase	AE005674.2:43494-44780	OAKGJLPG_00040

DiscRep_SUB:FEATURE_LOCATION_CONFLICT::Coding region xref gene does not exist
PROKKA_DDMMYYYY/PROKKA_09282023:CDS	Ferredoxin-like protein FixX	AE005674.2:44777-45064	OAKGJLPG_00041

DiscRep_SUB:FEATURE_LOCATION_CONFLICT::Coding region xref gene does not exist
PROKKA_DDMMYYYY/PROKKA_09282023:CDS	Inner membrane metabolite transport protein YgcS	AE005674.2:45123-46517	OAKGJLPG_00042

DiscRep_SUB:FEATURE_LOCATION_CONFLICT::Coding region xref gene does not exist
PROKKA_DDMMYYYY/PROKKA_09282023:CDS	Glutathione-regulated potassium-efflux system ancillary protein KefF	AE005674.2:46565-47095	OAKGJLPG_00043

DiscRep_SUB:FEATURE_LOCATION_CONFLICT::Coding region xref gene does not exist
PROKKA_DDMMYYYY/PROKKA_09282023:CDS	Glutathione-regulated potassium-efflux system protein KefC	AE005674.2:47088-48950	OAKGJLPG_00044

DiscRep_SUB:FEATURE_LOCATION_CONFLICT::Coding region xref gene does not exist
PROKKA_DDMMYYYY/PROKKA_09282023:CDS	IS1595 family transposase ISSsu9	AE005674.2:49141-49620	OAKGJLPG_00045

DiscRep_SUB:FEATURE_LOCATION_CONFLICT::Coding region xref gene does not exist
PROKKA_DDMMYYYY/PROKKA_09282023:CDS	Bis(5'-nucleosyl)-tetraphosphatase, symmetrical	AE005674.2:c50540-49698	OAKGJLPG_00046

DiscRep_SUB:FEATURE_LOCATION_CONFLICT::Coding region xref gene does not exist
PROKKA_DDMMYYYY/PROKKA_09282023:CDS	Protein ApaG	AE005674.2:c50924-50547	OAKGJLPG_00047

DiscRep_SUB:FEATURE_LOCATION_CONFLICT::Coding region xref gene does not exist
PROKKA_DDMMYYYY/PROKKA_09282023:CDS	Ribosomal RNA small subunit methyltransferase A	AE005674.2:c51748-50927	OAKGJLPG_00048

DiscRep_SUB:FEATURE_LOCATION_CONFLICT::Coding region xref gene does not exist
PROKKA_DDMMYYYY/PROKKA_09282023:CDS	4-hydroxythreonine-4-phosphate dehydrogenase	AE005674.2:c52734-51745	OAKGJLPG_00049

DiscRep_SUB:FEATURE_LOCATION_CONFLICT::Coding region xref gene does not exist
PROKKA_DDMMYYYY/PROKKA_09282023:CDS	Chaperone SurA	AE005674.2:c54020-52734	OAKGJLPG_00050

DiscRep_SUB:FEATURE_LOCATION_CONFLICT::Coding region xref gene does not exist
PROKKA_DDMMYYYY/PROKKA_09282023:CDS	LPS-assembly protein LptD	AE005674.2:c56427-54073	OAKGJLPG_00051

DiscRep_SUB:FEATURE_LOCATION_CONFLICT::Coding region xref gene does not exist
PROKKA_DDMMYYYY/PROKKA_09282023:CDS	Co-chaperone protein DjlA	AE005674.2:56682-57497	OAKGJLPG_00052

DiscRep_SUB:FEATURE_LOCATION_CONFLICT::Coding region xref gene does not exist
PROKKA_DDMMYYYY/PROKKA_09282023:CDS	Dual-specificity RNA pseudouridine synthase RluA	AE005674.2:c58274-57645	OAKGJLPG_00053

DiscRep_SUB:FEATURE_LOCATION_CONFLICT::Coding region xref gene does not exist
PROKKA_DDMMYYYY/PROKKA_09282023:CDS	RNA polymerase-associated protein RapA	AE005674.2:c61192-58286	OAKGJLPG_00054

DiscRep_SUB:FEATURE_LOCATION_CONFLICT::Coding region xref gene does not exist
PROKKA_DDMMYYYY/PROKKA_09282023:CDS	DNA polymerase II	AE005674.2:c63708-61357	OAKGJLPG_00055

DiscRep_SUB:FEATURE_LOCATION_CONFLICT::Coding region xref gene does not exist
PROKKA_DDMMYYYY/PROKKA_09282023:CDS	L-ribulose-5-phosphate 4-epimerase AraD	AE005674.2:c64478-63783	OAKGJLPG_00056

DiscRep_SUB:FEATURE_LOCATION_CONFLICT::Coding region xref gene does not exist
PROKKA_DDMMYYYY/PROKKA_09282023:CDS	L-arabinose isomerase	AE005674.2:c65466-64678	OAKGJLPG_00057

DiscRep_SUB:FEATURE_LOCATION_CONFLICT::Coding region xref gene does not exist
PROKKA_DDMMYYYY/PROKKA_09282023:CDS	L-arabinose isomerase	AE005674.2:c66179-65463	OAKGJLPG_00058

DiscRep_SUB:FEATURE_LOCATION_CONFLICT::Coding region xref gene does not exist
PROKKA_DDMMYYYY/PROKKA_09282023:CDS	Ribulokinase	AE005674.2:c67890-66190	OAKGJLPG_00059

DiscRep_SUB:FEATURE_LOCATION_CONFLICT::Coding region xref gene does not exist
PROKKA_DDMMYYYY/PROKKA_09282023:CDS	hypothetical protein	AE005674.2:c68077-67952	OAKGJLPG_00060

DiscRep_SUB:FEATURE_LOCATION_CONFLICT::Coding region xref gene does not exist
PROKKA_DDMMYYYY/PROKKA_09282023:CDS	Arabinose operon regulatory protein	AE005674.2:68229-69107	OAKGJLPG_00061

DiscRep_SUB:FEATURE_LOCATION_CONFLICT::Coding region xref gene does not exist
PROKKA_DDMMYYYY/PROKKA_09282023:CDS	Inner membrane protein YabI	AE005674.2:69193-69957	OAKGJLPG_00062

DiscRep_SUB:FEATURE_LOCATION_CONFLICT::Coding region xref gene does not exist
PROKKA_DDMMYYYY/PROKKA_09282023:CDS	Thiamine import ATP-binding protein ThiQ	AE005674.2:c70769-70071	OAKGJLPG_00063

DiscRep_SUB:FEATURE_LOCATION_CONFLICT::Coding region xref gene does not exist
PROKKA_DDMMYYYY/PROKKA_09282023:CDS	hypothetical protein	AE005674.2:c72363-70753	OAKGJLPG_00064

DiscRep_SUB:FEATURE_LOCATION_CONFLICT::Coding region xref gene does not exist
PROKKA_DDMMYYYY/PROKKA_09282023:CDS	Thiamine-binding periplasmic protein	AE005674.2:c73322-72339	OAKGJLPG_00065

DiscRep_SUB:FEATURE_LOCATION_CONFLICT::Coding region xref gene does not exist
PROKKA_DDMMYYYY/PROKKA_09282023:CDS	HTH-type transcriptional regulator SgrR	AE005674.2:c75141-73486	OAKGJLPG_00066

DiscRep_SUB:FEATURE_LOCATION_CONFLICT::Coding region xref gene does not exist
PROKKA_DDMMYYYY/PROKKA_09282023:CDS	Putative inhibitor of glucose uptake transporter SgrT	AE005674.2:75230-75361	OAKGJLPG_00067

DiscRep_SUB:FEATURE_LOCATION_CONFLICT::Coding region xref gene does not exist
PROKKA_DDMMYYYY/PROKKA_09282023:CDS	Sugar efflux transporter A	AE005674.2:75463-76641	OAKGJLPG_00068

DiscRep_SUB:FEATURE_LOCATION_CONFLICT::Coding region xref gene does not exist
PROKKA_DDMMYYYY/PROKKA_09282023:CDS	3-isopropylmalate dehydratase small subunit	AE005674.2:c77295-76690	OAKGJLPG_00069

DiscRep_SUB:FEATURE_LOCATION_CONFLICT::Coding region xref gene does not exist
PROKKA_DDMMYYYY/PROKKA_09282023:CDS	3-isopropylmalate dehydratase large subunit	AE005674.2:c78706-77306	OAKGJLPG_00070

DiscRep_SUB:FEATURE_LOCATION_CONFLICT::Coding region xref gene does not exist
PROKKA_DDMMYYYY/PROKKA_09282023:CDS	3-isopropylmalate dehydrogenase	AE005674.2:c79800-78709	OAKGJLPG_00071

DiscRep_ALL:OVERLAPPING_CDS::2 coding regions overlap another coding region with a similar or identical name.
DiscRep_SUB:OVERLAPPING_CDS::2 coding regions overlap another coding region with a similar or identical name that do not have the appropriate note text
PROKKA_DDMMYYYY/PROKKA_09282023:CDS	L-arabinose isomerase	AE005674.2:c65466-64678	OAKGJLPG_00057
PROKKA_DDMMYYYY/PROKKA_09282023:CDS	L-arabinose isomerase	AE005674.2:c66179-65463	OAKGJLPG_00058

DiscRep_ALL:DISC_QUALITY_SCORES::Quality scores are missing on all sequences.

DiscRep_ALL:ONCALLER_COMMENT_PRESENT::1 comment descriptors were found (all same)
PROKKA_DDMMYYYY/PROKKA_09282023:AE005674.2:Annotated using prokka 1.14.6 from https://github.com/tseemann/prokka

DiscRep_ALL:SHORT_PROT_SEQUENCES::2 protein sequences are shorter than 50 aa.
PROKKA_DDMMYYYY/PROKKA_09282023:AE005674.2_60 (length 41)
PROKKA_DDMMYYYY/PROKKA_09282023:AE005674.2_67 (length 43)

DiscRep_ALL:MISSING_GENOMEASSEMBLY_COMMENTS::1 bioseqs are missing GenomeAssembly structured comments
PROKKA_DDMMYYYY/PROKKA_09282023:AE005674.2 (length 79920)

DiscRep_ALL:MOLTYPE_NOT_MRNA::1 molecule types are not set as mRNA.
PROKKA_DDMMYYYY/PROKKA_09282023:AE005674.2 (length 79920)

DiscRep_ALL:TECHNIQUE_NOT_TSA::1 technique are not set as TSA
PROKKA_DDMMYYYY/PROKKA_09282023:AE005674.2 (length 79920)

DiscRep_ALL:MISSING_STRUCTURED_COMMENT::1 sequences do not include structured comments.
PROKKA_DDMMYYYY/PROKKA_09282023:AE005674.2 (length 79920)

DiscRep_ALL:MISSING_PROJECT::72 sequences do not include project.
PROKKA_DDMMYYYY/PROKKA_09282023:AE005674.2 (length 79920)
PROKKA_DDMMYYYY/PROKKA_09282023:AE005674.2_1 (length 820)
PROKKA_DDMMYYYY/PROKKA_09282023:AE005674.2_2 (length 310)
PROKKA_DDMMYYYY/PROKKA_09282023:AE005674.2_3 (length 428)
PROKKA_DDMMYYYY/PROKKA_09282023:AE005674.2_4 (length 98)
PROKKA_DDMMYYYY/PROKKA_09282023:AE005674.2_5 (length 258)
PROKKA_DDMMYYYY/PROKKA_09282023:AE005674.2_6 (length 122)
PROKKA_DDMMYYYY/PROKKA_09282023:AE005674.2_7 (length 346)
PROKKA_DDMMYYYY/PROKKA_09282023:AE005674.2_8 (length 317)
PROKKA_DDMMYYYY/PROKKA_09282023:AE005674.2_9 (length 195)
PROKKA_DDMMYYYY/PROKKA_09282023:AE005674.2_10 (length 188)
PROKKA_DDMMYYYY/PROKKA_09282023:AE005674.2_11 (length 237)
PROKKA_DDMMYYYY/PROKKA_09282023:AE005674.2_12 (length 134)
PROKKA_DDMMYYYY/PROKKA_09282023:AE005674.2_13 (length 638)
PROKKA_DDMMYYYY/PROKKA_09282023:AE005674.2_14 (length 376)
PROKKA_DDMMYYYY/PROKKA_09282023:AE005674.2_15 (length 69)
PROKKA_DDMMYYYY/PROKKA_09282023:AE005674.2_16 (length 388)
PROKKA_DDMMYYYY/PROKKA_09282023:AE005674.2_17 (length 299)
PROKKA_DDMMYYYY/PROKKA_09282023:AE005674.2_18 (length 97)
PROKKA_DDMMYYYY/PROKKA_09282023:AE005674.2_19 (length 87)
PROKKA_DDMMYYYY/PROKKA_09282023:AE005674.2_20 (length 313)
PROKKA_DDMMYYYY/PROKKA_09282023:AE005674.2_21 (length 938)
PROKKA_DDMMYYYY/PROKKA_09282023:AE005674.2_22 (length 164)
PROKKA_DDMMYYYY/PROKKA_09282023:AE005674.2_23 (length 58)
PROKKA_DDMMYYYY/PROKKA_09282023:AE005674.2_24 (length 149)
PROKKA_DDMMYYYY/PROKKA_09282023:AE005674.2_25 (length 149)
PROKKA_DDMMYYYY/PROKKA_09282023:AE005674.2_26 (length 316)
PROKKA_DDMMYYYY/PROKKA_09282023:AE005674.2_27 (length 304)
PROKKA_DDMMYYYY/PROKKA_09282023:AE005674.2_28 (length 273)
PROKKA_DDMMYYYY/PROKKA_09282023:AE005674.2_29 (length 382)
PROKKA_DDMMYYYY/PROKKA_09282023:AE005674.2_30 (length 1073)
PROKKA_DDMMYYYY/PROKKA_09282023:AE005674.2_31 (length 131)
PROKKA_DDMMYYYY/PROKKA_09282023:AE005674.2_32 (length 196)
PROKKA_DDMMYYYY/PROKKA_09282023:AE005674.2_33 (length 261)
PROKKA_DDMMYYYY/PROKKA_09282023:AE005674.2_34 (length 517)
PROKKA_DDMMYYYY/PROKKA_09282023:AE005674.2_35 (length 405)
PROKKA_DDMMYYYY/PROKKA_09282023:AE005674.2_36 (length 380)
PROKKA_DDMMYYYY/PROKKA_09282023:AE005674.2_37 (length 504)
PROKKA_DDMMYYYY/PROKKA_09282023:AE005674.2_38 (length 256)
PROKKA_DDMMYYYY/PROKKA_09282023:AE005674.2_39 (length 263)
PROKKA_DDMMYYYY/PROKKA_09282023:AE005674.2_40 (length 428)
PROKKA_DDMMYYYY/PROKKA_09282023:AE005674.2_41 (length 95)
PROKKA_DDMMYYYY/PROKKA_09282023:AE005674.2_42 (length 464)
PROKKA_DDMMYYYY/PROKKA_09282023:AE005674.2_43 (length 176)
PROKKA_DDMMYYYY/PROKKA_09282023:AE005674.2_44 (length 620)
PROKKA_DDMMYYYY/PROKKA_09282023:AE005674.2_45 (length 159)
PROKKA_DDMMYYYY/PROKKA_09282023:AE005674.2_46 (length 280)
PROKKA_DDMMYYYY/PROKKA_09282023:AE005674.2_47 (length 125)
PROKKA_DDMMYYYY/PROKKA_09282023:AE005674.2_48 (length 273)
PROKKA_DDMMYYYY/PROKKA_09282023:AE005674.2_49 (length 329)
PROKKA_DDMMYYYY/PROKKA_09282023:AE005674.2_50 (length 428)
PROKKA_DDMMYYYY/PROKKA_09282023:AE005674.2_51 (length 784)
PROKKA_DDMMYYYY/PROKKA_09282023:AE005674.2_52 (length 271)
PROKKA_DDMMYYYY/PROKKA_09282023:AE005674.2_53 (length 209)
PROKKA_DDMMYYYY/PROKKA_09282023:AE005674.2_54 (length 968)
PROKKA_DDMMYYYY/PROKKA_09282023:AE005674.2_55 (length 783)
PROKKA_DDMMYYYY/PROKKA_09282023:AE005674.2_56 (length 231)
PROKKA_DDMMYYYY/PROKKA_09282023:AE005674.2_57 (length 262)
PROKKA_DDMMYYYY/PROKKA_09282023:AE005674.2_58 (length 238)
PROKKA_DDMMYYYY/PROKKA_09282023:AE005674.2_59 (length 566)
PROKKA_DDMMYYYY/PROKKA_09282023:AE005674.2_60 (length 41)
PROKKA_DDMMYYYY/PROKKA_09282023:AE005674.2_61 (length 292)
PROKKA_DDMMYYYY/PROKKA_09282023:AE005674.2_62 (length 254)
PROKKA_DDMMYYYY/PROKKA_09282023:AE005674.2_63 (length 232)
PROKKA_DDMMYYYY/PROKKA_09282023:AE005674.2_64 (length 536)
PROKKA_DDMMYYYY/PROKKA_09282023:AE005674.2_65 (length 327)
PROKKA_DDMMYYYY/PROKKA_09282023:AE005674.2_66 (length 551)
PROKKA_DDMMYYYY/PROKKA_09282023:AE005674.2_67 (length 43)
PROKKA_DDMMYYYY/PROKKA_09282023:AE005674.2_68 (length 392)
PROKKA_DDMMYYYY/PROKKA_09282023:AE005674.2_69 (length 201)
PROKKA_DDMMYYYY/PROKKA_09282023:AE005674.2_70 (length 466)
PROKKA_DDMMYYYY/PROKKA_09282023:AE005674.2_71 (length 363)

DiscRep_ALL:DISC_INCONSISTENT_MOLINFO_TECH::Molinfo Technique Report (some missing, all same)
DiscRep_SUB:DISC_INCONSISTENT_MOLINFO_TECH::technique (all missing)
DiscRep_SUB:DISC_INCONSISTENT_MOLINFO_TECH::1 Molinfos are missing field technique
PROKKA_DDMMYYYY/PROKKA_09282023:AE005674.2 (length 79920)

